#
# A fatal error has been detected by the Java Runtime Environment:
#
#  EXCEPTION_ACCESS_VIOLATION (0xc0000005) at pc=0x0000000068188f45, pid=9912, tid=3480
#
# JRE version: Java(TM) SE Runtime Environment (8.0_91-b14) (build 1.8.0_91-b14)
# Java VM: Java HotSpot(TM) 64-Bit Server VM (25.91-b14 mixed mode windows-amd64 compressed oops)
# Problematic frame:
# V  [jvm.dll+0x128f45]
#
# Failed to write core dump. Minidumps are not enabled by default on client versions of Windows
#
# If you would like to submit a bug report, please visit:
#   http://bugreport.java.com/bugreport/crash.jsp
#

---------------  T H R E A D  ---------------

Current thread (0x000000001c960800):  JavaThread "JDWP Transport Listener: dt_socket" daemon [_thread_in_vm, id=3480, stack(0x000000001d470000,0x000000001d570000)]

siginfo: ExceptionCode=0xc0000005, reading address 0xffffffffffffffff

Registers:
RAX=0x000000001d56f301, RBX=0x000000001c960800, RCX=0x766f72506e755324, RDX=0x0000000000000000
RSP=0x000000001d56f330, RBP=0x766f72506e755324, RSI=0x000000001d56f448, RDI=0x00000000031ceb60
R8 =0x000000001c960800, R9 =0x0000000000000001, R10=0x0000000000008000, R11=0x000000001d56f280
R12=0x0000000000000000, R13=0x000000001c9655f8, R14=0x0000000000000000, R15=0x0000000000000000
RIP=0x0000000068188f45, EFLAGS=0x0000000000010206

Top of Stack: (sp=0x000000001d56f330)
0x000000001d56f330:   000000001c960800 000000001c960800
0x000000001d56f340:   000000001d56f3f8 000000006838f32b
0x000000001d56f350:   000000001c960800 00000000683abb8d
0x000000001d56f360:   0000000000000000 000000006abe9155
0x000000001d56f370:   0000000021996c18 000000006abf291e
0x000000001d56f380:   000000001c960800 0000000000000000
0x000000001d56f390:   0000000000000000 0000000000000000
0x000000001d56f3a0:   766f72506e755324 000000006abf1a15
0x000000001d56f3b0:   000000001d56f448 000000001d56f420
0x000000001d56f3c0:   0000000000000001 0000000021996c18
0x000000001d56f3d0:   766f72506e755324 000000006abd53b3
0x000000001d56f3e0:   000000001d56f510 0000000000000001
0x000000001d56f3f0:   0000000000000001 0000000021996c18
0x000000001d56f400:   0000000000000001 0000000000000000
0x000000001d56f410:   0000000000000000 0000000000000000
0x000000001d56f420:   0000000000000001 000000006abd5571 

Instructions: (pc=0x0000000068188f45)
0x0000000068188f25:   cc cc cc cc cc cc cc cc cc cc cc 48 83 ec 28 48
0x0000000068188f35:   85 c9 75 07 33 c0 48 83 c4 28 c3 48 89 5c 24 20
0x0000000068188f45:   48 8b 19 48 85 db 74 20 48 83 fb 37 74 1a 48 8b
0x0000000068188f55:   13 48 8b cb ff 52 10 84 c0 74 0d 48 8b c3 48 8b 


Register to memory mapping:

RAX=0x000000001d56f301 is pointing into the stack for thread: 0x000000001c960800
RBX=0x000000001c960800 is a thread
RCX=0x766f72506e755324 is an unknown value
RDX=0x0000000000000000 is an unknown value
RSP=0x000000001d56f330 is pointing into the stack for thread: 0x000000001c960800
RBP=0x766f72506e755324 is an unknown value
RSI=0x000000001d56f448 is pointing into the stack for thread: 0x000000001c960800
RDI=0x00000000031ceb60 is an unknown value
R8 =0x000000001c960800 is a thread
R9 =0x0000000000000001 is an unknown value
R10=0x0000000000008000 is an unknown value
R11=0x000000001d56f280 is pointing into the stack for thread: 0x000000001c960800
R12=0x0000000000000000 is an unknown value
R13=0x000000001c9655f8 is an unknown value
R14=0x0000000000000000 is an unknown value
R15=0x0000000000000000 is an unknown value


Stack: [0x000000001d470000,0x000000001d570000],  sp=0x000000001d56f330,  free space=1020k
Native frames: (J=compiled Java code, j=interpreted, Vv=VM code, C=native code)
V  [jvm.dll+0x128f45]
V  [jvm.dll+0x34bb8d]
C  [jdwp.dll+0x21a15]
C  [jdwp.dll+0x53b3]
C  [jdwp.dll+0x5571]
C  [jdwp.dll+0xf0a8]
C  [jdwp.dll+0x1f2d5]
C  [jdwp.dll+0x1f4aa]
V  [jvm.dll+0x1bbf38]
V  [jvm.dll+0x243ae4]
V  [jvm.dll+0x29a99a]
C  [msvcr100.dll+0x21d9f]
C  [msvcr100.dll+0x21e3b]
C  [KERNEL32.DLL+0x17bd4]
C  [ntdll.dll+0x6ce71]


---------------  P R O C E S S  ---------------

Java Threads: ( => current thread )
  0x0000000021510800 JavaThread "DestroyJavaVM" [_thread_blocked, id=10300, stack(0x00000000031d0000,0x00000000032d0000)]
  0x0000000021514000 JavaThread "http-nio-9090-Acceptor" daemon [_thread_in_native, id=10964, stack(0x000000002e8a0000,0x000000002e9a0000)]
  0x0000000021513800 JavaThread "http-nio-9090-ClientPoller" daemon [_thread_in_native, id=12496, stack(0x000000002e7a0000,0x000000002e8a0000)]
  0x0000000021512800 JavaThread "http-nio-9090-exec-10" daemon [_thread_blocked, id=14660, stack(0x000000002e6a0000,0x000000002e7a0000)]
  0x000000001ee4b000 JavaThread "http-nio-9090-exec-9" daemon [_thread_blocked, id=11992, stack(0x000000002e5a0000,0x000000002e6a0000)]
  0x000000001ee48000 JavaThread "http-nio-9090-exec-8" daemon [_thread_blocked, id=9244, stack(0x000000002e4a0000,0x000000002e5a0000)]
  0x000000001ee4a000 JavaThread "http-nio-9090-exec-7" daemon [_thread_blocked, id=11340, stack(0x000000002e3a0000,0x000000002e4a0000)]
  0x000000001ee4b800 JavaThread "http-nio-9090-exec-6" daemon [_thread_blocked, id=7120, stack(0x000000002e2a0000,0x000000002e3a0000)]
  0x000000001ee47000 JavaThread "http-nio-9090-exec-5" daemon [_thread_blocked, id=16572, stack(0x000000002e1a0000,0x000000002e2a0000)]
  0x000000001ee4c800 JavaThread "http-nio-9090-exec-4" daemon [_thread_blocked, id=2492, stack(0x000000002e0a0000,0x000000002e1a0000)]
  0x000000001ee48800 JavaThread "http-nio-9090-exec-3" daemon [_thread_blocked, id=13836, stack(0x000000002dfa0000,0x000000002e0a0000)]
  0x000000001ee4e000 JavaThread "http-nio-9090-exec-2" daemon [_thread_blocked, id=7380, stack(0x000000002dea0000,0x000000002dfa0000)]
  0x0000000026dcb000 JavaThread "http-nio-9090-exec-1" daemon [_thread_blocked, id=2504, stack(0x000000002dda0000,0x000000002dea0000)]
  0x0000000021a3e800 JavaThread "http-nio-9090-BlockPoller" daemon [_thread_in_native, id=16548, stack(0x000000002b220000,0x000000002b320000)]
  0x0000000023e18800 JavaThread "Live Reload Server" daemon [_thread_in_native, id=10312, stack(0x000000002b570000,0x000000002b670000)]
  0x0000000022d2a800 JavaThread "File Watcher" daemon [_thread_blocked, id=15160, stack(0x000000002b120000,0x000000002b220000)]
  0x000000001da01000 JavaThread "container-0" [_thread_blocked, id=12564, stack(0x00000000220b0000,0x00000000221b0000)]
  0x000000001da3a800 JavaThread "Catalina-utility-2" [_thread_blocked, id=1772, stack(0x0000000021c50000,0x0000000021d50000)]
  0x0000000027c3c000 JavaThread "Catalina-utility-1" [_thread_blocked, id=1580, stack(0x0000000020650000,0x0000000020750000)]
  0x000000001d8e0000 JavaThread "Service Thread" daemon [_thread_blocked, id=13356, stack(0x000000001e370000,0x000000001e470000)]
  0x000000001d84c800 JavaThread "C1 CompilerThread3" daemon [_thread_blocked, id=7856, stack(0x000000001e270000,0x000000001e370000)]
  0x000000001d84c000 JavaThread "C2 CompilerThread2" daemon [_thread_blocked, id=14280, stack(0x000000001e170000,0x000000001e270000)]
  0x000000001d83a800 JavaThread "C2 CompilerThread1" daemon [_thread_blocked, id=2540, stack(0x000000001e070000,0x000000001e170000)]
  0x000000001d83a000 JavaThread "C2 CompilerThread0" daemon [_thread_blocked, id=13448, stack(0x000000001df70000,0x000000001e070000)]
  0x000000001c976800 JavaThread "JDWP Command Reader" daemon [_thread_in_native, id=5000, stack(0x000000001d670000,0x000000001d770000)]
  0x000000001c975800 JavaThread "JDWP Event Helper Thread" daemon [_thread_blocked, id=10932, stack(0x000000001d570000,0x000000001d670000)]
=>0x000000001c960800 JavaThread "JDWP Transport Listener: dt_socket" daemon [_thread_in_vm, id=3480, stack(0x000000001d470000,0x000000001d570000)]
  0x000000001c96b800 JavaThread "Attach Listener" daemon [_thread_blocked, id=11988, stack(0x000000001d030000,0x000000001d130000)]
  0x000000001aa7e800 JavaThread "Signal Dispatcher" daemon [_thread_blocked, id=6928, stack(0x000000001cf30000,0x000000001d030000)]
  0x000000001c950800 JavaThread "Finalizer" daemon [_thread_blocked, id=16768, stack(0x000000001cd30000,0x000000001ce30000)]
  0x00000000033cd800 JavaThread "Reference Handler" daemon [_thread_blocked, id=2312, stack(0x000000001c830000,0x000000001c930000)]

Other Threads:
  0x000000001aa6a000 VMThread [stack: 0x000000001c730000,0x000000001c830000] [id=8500]
  0x000000001d9ac000 WatcherThread [stack: 0x000000001e470000,0x000000001e570000] [id=7112]

VM state:not at safepoint (normal execution)

VM Mutex/Monitor currently owned by a thread: None

Heap:
 PSYoungGen      total 301568K, used 173455K [0x0000000780700000, 0x0000000794380000, 0x00000007c0000000)
  eden space 288256K, 60% used [0x0000000780700000,0x000000078b063cf8,0x0000000792080000)
  from space 13312K, 0% used [0x0000000793680000,0x0000000793680000,0x0000000794380000)
  to   space 15360K, 0% used [0x0000000792580000,0x0000000792580000,0x0000000793480000)
 ParOldGen       total 161280K, used 23818K [0x0000000701400000, 0x000000070b180000, 0x0000000780700000)
  object space 161280K, 14% used [0x0000000701400000,0x0000000702b42b30,0x000000070b180000)
 Metaspace       used 63244K, capacity 65674K, committed 65920K, reserved 1105920K
  class space    used 8305K, capacity 8723K, committed 8832K, reserved 1048576K

Card table byte_map: [0x0000000012920000,0x0000000012f20000] byte_map_base: 0x000000000f116000

Marking Bits: (ParMarkBitMap*) 0x0000000068872f70
 Begin Bits: [0x0000000013b20000, 0x0000000016ad0000)
 End Bits:   [0x0000000016ad0000, 0x0000000019a80000)

Polling page: 0x0000000001820000

CodeCache: size=245760Kb used=19725Kb max_used=19725Kb free=226034Kb
 bounds [0x0000000003560000, 0x00000000048c0000, 0x0000000012560000]
 total_blobs=6192 nmethods=5616 adapters=495
 compilation: enabled

Compilation events (10 events):
Event: 329.070 Thread 0x000000001d84c800 6584       3       sun.nio.ch.SelectionKeyImpl::interestOps (10 bytes)
Event: 329.073 Thread 0x000000001d84c800 nmethod 6584 0x00000000048b8390 code [0x00000000048b8520, 0x00000000048b88b8]
Event: 329.073 Thread 0x000000001d84c800 6583       1       org.apache.tomcat.util.net.AbstractEndpoint::getExecutor (5 bytes)
Event: 329.073 Thread 0x000000001d84c800 nmethod 6583 0x00000000048b8a50 code [0x00000000048b8ba0, 0x00000000048b8cb0]
Event: 329.073 Thread 0x000000001d84c800 6585       1       java.util.concurrent.ThreadPoolExecutor::getMaximumPoolSize (5 bytes)
Event: 329.073 Thread 0x000000001d84c800 nmethod 6585 0x00000000048b8d10 code [0x00000000048b8e60, 0x00000000048b8f70]
Event: 329.073 Thread 0x000000001d84c800 6586       1       org.apache.tomcat.util.net.NioEndpoint::access$300 (5 bytes)
Event: 329.074 Thread 0x000000001d84c800 nmethod 6586 0x00000000048b8fd0 code [0x00000000048b9120, 0x00000000048b9210]
Event: 329.074 Thread 0x000000001d84c800 6587       1       org.apache.tomcat.util.net.NioChannel::isHandshakeComplete (2 bytes)
Event: 329.074 Thread 0x000000001d84c800 nmethod 6587 0x00000000048b9290 code [0x00000000048b93e0, 0x00000000048b94f0]

GC Heap History (10 events):
Event: 6.854 GC heap before
{Heap before GC invocations=9 (full 1):
 PSYoungGen      total 203264K, used 112740K [0x0000000780700000, 0x000000078fe80000, 0x00000007c0000000)
  eden space 194560K, 53% used [0x0000000780700000,0x0000000786c9f4c8,0x000000078c500000)
  from space 8704K, 99% used [0x000000078c500000,0x000000078cd79ec0,0x000000078cd80000)
  to   space 10752K, 0% used [0x000000078f400000,0x000000078f400000,0x000000078fe80000)
 ParOldGen       total 75776K, used 8753K [0x0000000701400000, 0x0000000705e00000, 0x0000000780700000)
  object space 75776K, 11% used [0x0000000701400000,0x0000000701c8c560,0x0000000705e00000)
 Metaspace       used 33635K, capacity 35284K, committed 35416K, reserved 1081344K
  class space    used 4258K, capacity 4572K, committed 4608K, reserved 1048576K
Event: 6.866 GC heap after
Heap after GC invocations=9 (full 1):
 PSYoungGen      total 242688K, used 8166K [0x0000000780700000, 0x0000000793e80000, 0x00000007c0000000)
  eden space 231936K, 0% used [0x0000000780700000,0x0000000780700000,0x000000078e980000)
  from space 10752K, 75% used [0x000000078f400000,0x000000078fbf9ad8,0x000000078fe80000)
  to   space 10752K, 0% used [0x000000078e980000,0x000000078e980000,0x000000078f400000)
 ParOldGen       total 75776K, used 8761K [0x0000000701400000, 0x0000000705e00000, 0x0000000780700000)
  object space 75776K, 11% used [0x0000000701400000,0x0000000701c8e560,0x0000000705e00000)
 Metaspace       used 33635K, capacity 35284K, committed 35416K, reserved 1081344K
  class space    used 4258K, capacity 4572K, committed 4608K, reserved 1048576K
}
Event: 6.866 GC heap before
{Heap before GC invocations=10 (full 2):
 PSYoungGen      total 242688K, used 8166K [0x0000000780700000, 0x0000000793e80000, 0x00000007c0000000)
  eden space 231936K, 0% used [0x0000000780700000,0x0000000780700000,0x000000078e980000)
  from space 10752K, 75% used [0x000000078f400000,0x000000078fbf9ad8,0x000000078fe80000)
  to   space 10752K, 0% used [0x000000078e980000,0x000000078e980000,0x000000078f400000)
 ParOldGen       total 75776K, used 8761K [0x0000000701400000, 0x0000000705e00000, 0x0000000780700000)
  object space 75776K, 11% used [0x0000000701400000,0x0000000701c8e560,0x0000000705e00000)
 Metaspace       used 33635K, capacity 35284K, committed 35416K, reserved 1081344K
  class space    used 4258K, capacity 4572K, committed 4608K, reserved 1048576K
Event: 6.936 GC heap after
Heap after GC invocations=10 (full 2):
 PSYoungGen      total 242688K, used 0K [0x0000000780700000, 0x0000000793e80000, 0x00000007c0000000)
  eden space 231936K, 0% used [0x0000000780700000,0x0000000780700000,0x000000078e980000)
  from space 10752K, 0% used [0x000000078f400000,0x000000078f400000,0x000000078fe80000)
  to   space 10752K, 0% used [0x000000078e980000,0x000000078e980000,0x000000078f400000)
 ParOldGen       total 115712K, used 12557K [0x0000000701400000, 0x0000000708500000, 0x0000000780700000)
  object space 115712K, 10% used [0x0000000701400000,0x0000000702043560,0x0000000708500000)
 Metaspace       used 33635K, capacity 35284K, committed 35416K, reserved 1081344K
  class space    used 4258K, capacity 4572K, committed 4608K, reserved 1048576K
}
Event: 9.660 GC heap before
{Heap before GC invocations=11 (full 2):
 PSYoungGen      total 242688K, used 231936K [0x0000000780700000, 0x0000000793e80000, 0x00000007c0000000)
  eden space 231936K, 100% used [0x0000000780700000,0x000000078e980000,0x000000078e980000)
  from space 10752K, 0% used [0x000000078f400000,0x000000078f400000,0x000000078fe80000)
  to   space 10752K, 0% used [0x000000078e980000,0x000000078e980000,0x000000078f400000)
 ParOldGen       total 115712K, used 12557K [0x0000000701400000, 0x0000000708500000, 0x0000000780700000)
  object space 115712K, 10% used [0x0000000701400000,0x0000000702043560,0x0000000708500000)
 Metaspace       used 47609K, capacity 49486K, committed 49920K, reserved 1093632K
  class space    used 6266K, capacity 6605K, committed 6656K, reserved 1048576K
Event: 9.675 GC heap after
Heap after GC invocations=11 (full 2):
 PSYoungGen      total 242688K, used 10740K [0x0000000780700000, 0x0000000794380000, 0x00000007c0000000)
  eden space 231936K, 0% used [0x0000000780700000,0x0000000780700000,0x000000078e980000)
  from space 10752K, 99% used [0x000000078e980000,0x000000078f3fd150,0x000000078f400000)
  to   space 13312K, 0% used [0x0000000793680000,0x0000000793680000,0x0000000794380000)
 ParOldGen       total 115712K, used 15663K [0x0000000701400000, 0x0000000708500000, 0x0000000780700000)
  object space 115712K, 13% used [0x0000000701400000,0x000000070234bfc8,0x0000000708500000)
 Metaspace       used 47609K, capacity 49486K, committed 49920K, reserved 1093632K
  class space    used 6266K, capacity 6605K, committed 6656K, reserved 1048576K
}
Event: 32.528 GC heap before
{Heap before GC invocations=12 (full 2):
 PSYoungGen      total 242688K, used 213646K [0x0000000780700000, 0x0000000794380000, 0x00000007c0000000)
  eden space 231936K, 87% used [0x0000000780700000,0x000000078cd266b8,0x000000078e980000)
  from space 10752K, 99% used [0x000000078e980000,0x000000078f3fd150,0x000000078f400000)
  to   space 13312K, 0% used [0x0000000793680000,0x0000000793680000,0x0000000794380000)
 ParOldGen       total 115712K, used 15663K [0x0000000701400000, 0x0000000708500000, 0x0000000780700000)
  object space 115712K, 13% used [0x0000000701400000,0x000000070234bfc8,0x0000000708500000)
 Metaspace       used 56614K, capacity 58882K, committed 59008K, reserved 1099776K
  class space    used 7572K, capacity 7983K, committed 8064K, reserved 1048576K
Event: 32.543 GC heap after
Heap after GC invocations=12 (full 2):
 PSYoungGen      total 301568K, used 13291K [0x0000000780700000, 0x0000000794380000, 0x00000007c0000000)
  eden space 288256K, 0% used [0x0000000780700000,0x0000000780700000,0x0000000792080000)
  from space 13312K, 99% used [0x0000000793680000,0x000000079437ac50,0x0000000794380000)
  to   space 15360K, 0% used [0x0000000792580000,0x0000000792580000,0x0000000793480000)
 ParOldGen       total 115712K, used 17375K [0x0000000701400000, 0x0000000708500000, 0x0000000780700000)
  object space 115712K, 15% used [0x0000000701400000,0x00000007024f7e18,0x0000000708500000)
 Metaspace       used 56614K, capacity 58882K, committed 59008K, reserved 1099776K
  class space    used 7572K, capacity 7983K, committed 8064K, reserved 1048576K
}
Event: 32.543 GC heap before
{Heap before GC invocations=13 (full 3):
 PSYoungGen      total 301568K, used 13291K [0x0000000780700000, 0x0000000794380000, 0x00000007c0000000)
  eden space 288256K, 0% used [0x0000000780700000,0x0000000780700000,0x0000000792080000)
  from space 13312K, 99% used [0x0000000793680000,0x000000079437ac50,0x0000000794380000)
  to   space 15360K, 0% used [0x0000000792580000,0x0000000792580000,0x0000000793480000)
 ParOldGen       total 115712K, used 17375K [0x0000000701400000, 0x0000000708500000, 0x0000000780700000)
  object space 115712K, 15% used [0x0000000701400000,0x00000007024f7e18,0x0000000708500000)
 Metaspace       used 56614K, capacity 58882K, committed 59008K, reserved 1099776K
  class space    used 7572K, capacity 7983K, committed 8064K, reserved 1048576K
Event: 32.687 GC heap after
Heap after GC invocations=13 (full 3):
 PSYoungGen      total 301568K, used 0K [0x0000000780700000, 0x0000000794380000, 0x00000007c0000000)
  eden space 288256K, 0% used [0x0000000780700000,0x0000000780700000,0x0000000792080000)
  from space 13312K, 0% used [0x0000000793680000,0x0000000793680000,0x0000000794380000)
  to   space 15360K, 0% used [0x0000000792580000,0x0000000792580000,0x0000000793480000)
 ParOldGen       total 161280K, used 23818K [0x0000000701400000, 0x000000070b180000, 0x0000000780700000)
  object space 161280K, 14% used [0x0000000701400000,0x0000000702b42b30,0x000000070b180000)
 Metaspace       used 56592K, capacity 58846K, committed 59008K, reserved 1099776K
  class space    used 7569K, capacity 7977K, committed 8064K, reserved 1048576K
}

Deoptimization events (10 events):
Event: 150.535 Thread 0x000000001ee4a000 Uncommon trap: reason=unhandled action=none pc=0x0000000003de4f68 method=java.net.URLClassLoader.findClass(Ljava/lang/String;)Ljava/lang/Class; @ 44
Event: 150.536 Thread 0x000000001ee4a000 Uncommon trap: reason=unhandled action=none pc=0x0000000003f04de0 method=java.net.URLClassLoader.findClass(Ljava/lang/String;)Ljava/lang/Class; @ 44
Event: 150.536 Thread 0x000000001ee4a000 Uncommon trap: reason=unhandled action=none pc=0x0000000003de4f68 method=java.net.URLClassLoader.findClass(Ljava/lang/String;)Ljava/lang/Class; @ 44
Event: 150.536 Thread 0x000000001ee4a000 Uncommon trap: reason=unhandled action=none pc=0x0000000003f04de0 method=java.net.URLClassLoader.findClass(Ljava/lang/String;)Ljava/lang/Class; @ 44
Event: 150.537 Thread 0x000000001ee4a000 Uncommon trap: reason=unhandled action=none pc=0x0000000003de4f68 method=java.net.URLClassLoader.findClass(Ljava/lang/String;)Ljava/lang/Class; @ 44
Event: 150.538 Thread 0x000000001ee4a000 Uncommon trap: reason=unhandled action=none pc=0x0000000003de4f68 method=java.net.URLClassLoader.findClass(Ljava/lang/String;)Ljava/lang/Class; @ 44
Event: 150.540 Thread 0x000000001ee4a000 Uncommon trap: reason=unhandled action=none pc=0x0000000003de4f68 method=java.net.URLClassLoader.findClass(Ljava/lang/String;)Ljava/lang/Class; @ 44
Event: 150.541 Thread 0x000000001ee4a000 Uncommon trap: reason=unhandled action=none pc=0x0000000003de4f68 method=java.net.URLClassLoader.findClass(Ljava/lang/String;)Ljava/lang/Class; @ 44
Event: 191.571 Thread 0x0000000021512800 Uncommon trap: reason=bimorphic action=maybe_recompile pc=0x0000000003b2139c method=java.util.HashMap.putVal(ILjava/lang/Object;Ljava/lang/Object;ZZ)Ljava/lang/Object; @ 253
Event: 268.743 Thread 0x000000001ee4c800 Uncommon trap: reason=range_check action=none pc=0x0000000003959964 method=sun.reflect.generics.parser.SignatureParser.current()C @ 34

Internal exceptions (10 events):
Event: 85.310 Thread 0x000000001ee4b800 Implicit null exception at 0x0000000003e90a81 to 0x0000000003e90b3f
Event: 90.735 Thread 0x000000001ee48800 Implicit null exception at 0x0000000003a90308 to 0x0000000003a904b8
Event: 90.735 Thread 0x000000001ee48800 Exception <a 'java/lang/NullPointerException'> (0x0000000787dc5100) thrown at [C:\re\workspace\8-2-build-windows-amd64-cygwin\jdk8u91\6644\hotspot\src\share\vm\runtime\sharedRuntime.cpp, line 605]
Event: 90.735 Thread 0x000000001ee48800 Exception <a 'java/lang/reflect/InvocationTargetException'> (0x0000000787dc54f0) thrown at [C:\re\workspace\8-2-build-windows-amd64-cygwin\jdk8u91\6644\hotspot\src\share\vm\runtime\reflection.cpp, line 1092]
Event: 101.967 Thread 0x000000001ee48800 Implicit null exception at 0x0000000003a90308 to 0x0000000003a904b8
Event: 101.968 Thread 0x000000001ee48800 Exception <a 'java/lang/NullPointerException'> (0x0000000788208488) thrown at [C:\re\workspace\8-2-build-windows-amd64-cygwin\jdk8u91\6644\hotspot\src\share\vm\runtime\sharedRuntime.cpp, line 605]
Event: 101.968 Thread 0x000000001ee48800 Exception <a 'java/lang/reflect/InvocationTargetException'> (0x0000000788208878) thrown at [C:\re\workspace\8-2-build-windows-amd64-cygwin\jdk8u91\6644\hotspot\src\share\vm\runtime\reflection.cpp, line 1092]
Event: 131.554 Thread 0x0000000021512800 Implicit null exception at 0x0000000003e8c08f to 0x0000000003e8c235
Event: 131.564 Thread 0x0000000021512800 Exception <a 'java/lang/ArrayIndexOutOfBoundsException': 45> (0x000000078926a450) thrown at [C:\re\workspace\8-2-build-windows-amd64-cygwin\jdk8u91\6644\hotspot\src\share\vm\interpreter\interpreterRuntime.cpp, line 366]
Event: 268.744 Thread 0x000000001ee4c800 Exception <a 'java/lang/ArrayIndexOutOfBoundsException': 45> (0x0000000789124130) thrown at [C:\re\workspace\8-2-build-windows-amd64-cygwin\jdk8u91\6644\hotspot\src\share\vm\interpreter\interpreterRuntime.cpp, line 366]

Events (10 events):
Event: 269.039 Thread 0x0000000021512800 DEOPT PACKING pc=0x000000000485f3f4 sp=0x000000002e79d8e0
Event: 269.039 Thread 0x0000000021512800 DEOPT UNPACKING pc=0x00000000035a787f sp=0x000000002e79d698 mode 1
Event: 329.070 Executing VM operation: RevokeBias
Event: 329.071 Executing VM operation: RevokeBias done
Event: 329.071 Executing VM operation: RevokeBias
Event: 329.071 Executing VM operation: RevokeBias done
Event: 329.072 Executing VM operation: RevokeBias
Event: 329.072 Executing VM operation: RevokeBias done
Event: 337.020 Executing VM operation: RedefineClasses
Event: 337.073 Executing VM operation: RedefineClasses done


Dynamic libraries:
0x00007ff78f8b0000 - 0x00007ff78f8e7000 	C:\Program Files\Java\jdk1.8.0_91\bin\javaw.exe
0x00007ffbbd960000 - 0x00007ffbbdb50000 	C:\WINDOWS\SYSTEM32\ntdll.dll
0x00007ffbbd3c0000 - 0x00007ffbbd472000 	C:\WINDOWS\System32\KERNEL32.DLL
0x00007ffbba900000 - 0x00007ffbbaba3000 	C:\WINDOWS\System32\KERNELBASE.dll
0x00007ffbbcb30000 - 0x00007ffbbcbd3000 	C:\WINDOWS\System32\ADVAPI32.dll
0x00007ffbbd0b0000 - 0x00007ffbbd14e000 	C:\WINDOWS\System32\msvcrt.dll
0x00007ffbbc5f0000 - 0x00007ffbbc687000 	C:\WINDOWS\System32\sechost.dll
0x00007ffbbcf30000 - 0x00007ffbbd050000 	C:\WINDOWS\System32\RPCRT4.dll
0x00007ffbbcbe0000 - 0x00007ffbbcd73000 	C:\WINDOWS\System32\USER32.dll
0x00007ffbbb1c0000 - 0x00007ffbbb1e1000 	C:\WINDOWS\System32\win32u.dll
0x00007ffbbd1d0000 - 0x00007ffbbd1f6000 	C:\WINDOWS\System32\GDI32.dll
0x00007ffbbac20000 - 0x00007ffbbadb4000 	C:\WINDOWS\System32\gdi32full.dll
0x00007ffbbaf20000 - 0x00007ffbbafbe000 	C:\WINDOWS\System32\msvcp_win.dll
0x00007ffbbae20000 - 0x00007ffbbaf1a000 	C:\WINDOWS\System32\ucrtbase.dll
0x00007ffbb0c10000 - 0x00007ffbb0e95000 	C:\WINDOWS\WinSxS\amd64_microsoft.windows.common-controls_6595b64144ccf1df_6.0.18362.239_none_e6c7aebd130c7608\COMCTL32.dll
0x00007ffbbc740000 - 0x00007ffbbca76000 	C:\WINDOWS\System32\combase.dll
0x00007ffbbb1f0000 - 0x00007ffbbb270000 	C:\WINDOWS\System32\bcryptPrimitives.dll
0x00007ffbbd8f0000 - 0x00007ffbbd91e000 	C:\WINDOWS\System32\IMM32.DLL
0x000000006b1b0000 - 0x000000006b282000 	C:\Program Files\Java\jdk1.8.0_91\jre\bin\msvcr100.dll
0x0000000068060000 - 0x00000000688f3000 	C:\Program Files\Java\jdk1.8.0_91\jre\bin\server\jvm.dll
0x00007ffbbd150000 - 0x00007ffbbd158000 	C:\WINDOWS\System32\PSAPI.DLL
0x00007ffbb8190000 - 0x00007ffbb8199000 	C:\WINDOWS\SYSTEM32\WSOCK32.dll
0x00007ffbb7490000 - 0x00007ffbb74b4000 	C:\WINDOWS\SYSTEM32\WINMM.dll
0x00007ffbb5270000 - 0x00007ffbb527a000 	C:\WINDOWS\SYSTEM32\VERSION.dll
0x00007ffbbd160000 - 0x00007ffbbd1cf000 	C:\WINDOWS\System32\WS2_32.dll
0x00007ffbb6df0000 - 0x00007ffbb6e1d000 	C:\WINDOWS\SYSTEM32\winmmbase.dll
0x00007ffbbabd0000 - 0x00007ffbbac1a000 	C:\WINDOWS\System32\cfgmgr32.dll
0x000000006b1a0000 - 0x000000006b1af000 	C:\Program Files\Java\jdk1.8.0_91\jre\bin\verify.dll
0x000000006ac10000 - 0x000000006ac39000 	C:\Program Files\Java\jdk1.8.0_91\jre\bin\java.dll
0x000000006abd0000 - 0x000000006ac05000 	C:\Program Files\Java\jdk1.8.0_91\jre\bin\jdwp.dll
0x000000006b190000 - 0x000000006b198000 	C:\Program Files\Java\jdk1.8.0_91\jre\bin\npt.dll
0x000000006aa70000 - 0x000000006aa93000 	C:\Program Files\Java\jdk1.8.0_91\jre\bin\instrument.dll
0x000000006abb0000 - 0x000000006abc6000 	C:\Program Files\Java\jdk1.8.0_91\jre\bin\zip.dll
0x00007ffbbbb20000 - 0x00007ffbbc200000 	C:\WINDOWS\System32\SHELL32.dll
0x00007ffbbc690000 - 0x00007ffbbc739000 	C:\WINDOWS\System32\shcore.dll
0x00007ffbbb2a0000 - 0x00007ffbbba1b000 	C:\WINDOWS\System32\windows.storage.dll
0x00007ffbba890000 - 0x00007ffbba8af000 	C:\WINDOWS\System32\profapi.dll
0x00007ffbba8b0000 - 0x00007ffbba8fa000 	C:\WINDOWS\System32\powrprof.dll
0x00007ffbba840000 - 0x00007ffbba850000 	C:\WINDOWS\System32\UMPDC.dll
0x00007ffbbc350000 - 0x00007ffbbc3a2000 	C:\WINDOWS\System32\shlwapi.dll
0x00007ffbba870000 - 0x00007ffbba881000 	C:\WINDOWS\System32\kernel.appcore.dll
0x00007ffbbabb0000 - 0x00007ffbbabc7000 	C:\WINDOWS\System32\cryptsp.dll
0x000000006aa60000 - 0x000000006aa69000 	C:\Program Files\Java\jdk1.8.0_91\jre\bin\dt_socket.dll
0x00007ffbacc50000 - 0x00007ffbacc66000 	C:\WINDOWS\system32\napinsp.dll
0x00007ffbacac0000 - 0x00007ffbacada000 	C:\WINDOWS\system32\pnrpnsp.dll
0x00007ffbba0b0000 - 0x00007ffbba117000 	C:\WINDOWS\System32\mswsock.dll
0x00007ffbb9e50000 - 0x00007ffbb9f1a000 	C:\WINDOWS\SYSTEM32\DNSAPI.dll
0x00007ffbbbaf0000 - 0x00007ffbbbaf8000 	C:\WINDOWS\System32\NSI.dll
0x00007ffbb9e10000 - 0x00007ffbb9e4a000 	C:\WINDOWS\SYSTEM32\IPHLPAPI.DLL
0x00007ffbae640000 - 0x00007ffbae64e000 	C:\WINDOWS\System32\winrnr.dll
0x00007ffbb64c0000 - 0x00007ffbb64dc000 	C:\WINDOWS\system32\NLAapi.dll
0x00007ffb91f80000 - 0x00007ffb91f95000 	C:\WINDOWS\system32\wshbth.dll
0x00007ffbb10f0000 - 0x00007ffbb1167000 	C:\WINDOWS\System32\fwpuclnt.dll
0x00007ffbbb270000 - 0x00007ffbbb296000 	C:\WINDOWS\System32\bcrypt.dll
0x00007ffbaf3a0000 - 0x00007ffbaf3aa000 	C:\Windows\System32\rasadhlp.dll
0x000000006aa50000 - 0x000000006aa5d000 	C:\Program Files\Java\jdk1.8.0_91\jre\bin\management.dll
0x0000000067c20000 - 0x0000000067c3a000 	C:\Program Files\Java\jdk1.8.0_91\jre\bin\net.dll
0x0000000067c00000 - 0x0000000067c11000 	C:\Program Files\Java\jdk1.8.0_91\jre\bin\nio.dll
0x00007ffbb9c70000 - 0x00007ffbb9ca3000 	C:\WINDOWS\system32\rsaenh.dll
0x00007ffbba760000 - 0x00007ffbba785000 	C:\WINDOWS\SYSTEM32\USERENV.dll
0x00007ffbba280000 - 0x00007ffbba28c000 	C:\WINDOWS\SYSTEM32\CRYPTBASE.dll
0x00007ffbb1d90000 - 0x00007ffbb1da6000 	C:\WINDOWS\SYSTEM32\dhcpcsvc6.DLL
0x00007ffbb1350000 - 0x00007ffbb136c000 	C:\WINDOWS\SYSTEM32\dhcpcsvc.DLL
0x00007ffba5910000 - 0x00007ffba5b04000 	C:\WINDOWS\SYSTEM32\dbghelp.dll

VM Arguments:
jvm_args: -agentlib:jdwp=transport=dt_socket,suspend=y,address=localhost:5392 -javaagent:C:\Users\Felipe\eclipse\jee-2019-12\eclipse\configuration\org.eclipse.osgi\411\0\.cp\lib\javaagent-shaded.jar -Dfile.encoding=UTF-8 
java_command: br.com.sgie.controller.StartApplication
java_class_path (initial): C:\Users\Felipe\git\repository\SGIE\target\classes;C:\Users\Felipe\.m2\repository\org\springframework\boot\spring-boot-starter-web\2.2.3.RELEASE\spring-boot-starter-web-2.2.3.RELEASE.jar;C:\Users\Felipe\.m2\repository\org\springframework\boot\spring-boot-starter\2.2.3.RELEASE\spring-boot-starter-2.2.3.RELEASE.jar;C:\Users\Felipe\.m2\repository\org\springframework\boot\spring-boot-starter-logging\2.2.3.RELEASE\spring-boot-starter-logging-2.2.3.RELEASE.jar;C:\Users\Felipe\.m2\repository\ch\qos\logback\logback-classic\1.2.3\logback-classic-1.2.3.jar;C:\Users\Felipe\.m2\repository\ch\qos\logback\logback-core\1.2.3\logback-core-1.2.3.jar;C:\Users\Felipe\.m2\repository\org\apache\logging\log4j\log4j-to-slf4j\2.12.1\log4j-to-slf4j-2.12.1.jar;C:\Users\Felipe\.m2\repository\org\apache\logging\log4j\log4j-api\2.12.1\log4j-api-2.12.1.jar;C:\Users\Felipe\.m2\repository\org\slf4j\jul-to-slf4j\1.7.30\jul-to-slf4j-1.7.30.jar;C:\Users\Felipe\.m2\repository\jakarta\annotation\jakarta.annotation-api\1.3.5\jakarta.annotation-api-1.3.5.jar;C:\Users\Felipe\.m2\repository\org\yaml\snakeyaml\1.25\snakeyaml-1.25.jar;C:\Users\Felipe\.m2\repository\org\springframework\boot\spring-boot-starter-json\2.2.3.RELEASE\spring-boot-starter-json-2.2.3.RELEASE.jar;C:\Users\Felipe\.m2\repository\com\fasterxml\jackson\core\jackson-databind\2.10.2\jackson-databind-2.10.2.jar;C:\Users\Felipe\.m2\repository\com\fasterxml\jackson\core\jackson-annotations\2.10.2\jackson-annotations-2.10.2.jar;C:\Users\Felipe\.m2\repository\com\fasterxml\jackson\core\jackson-core\2.10.2\jackson-core-2.10.2.jar;C:\Users\Felipe\.m2\repository\com\fasterxml\jackson\datatype\jackson-datatype-jdk8\2.10.2\jackson-datatype-jdk8-2.10.2.jar;C:\Users\Felipe\.m2\repository\com\fasterxml\jackson\datatype\jackson-datatype-jsr310\2.10.2\jackson-datatype-jsr310-2.10.2.jar;C:\Users\Felipe\.m2\repository\com\fasterxml\jackson\module\jackson-module-parameter-names\2.10.2\jackson-module-parameter-names-2.10.2.jar;C:\
Launcher Type: SUN_STANDARD

Environment Variables:
JAVA_HOME=C:\Program Files\Java\jdk1.8.0_91
PATH=C:\Program Files\Java\jdk1.8.0_91\jre\bin;C:/Program Files/Java/jre1.8.0_241/bin/server;C:/Program Files/Java/jre1.8.0_241/bin;C:/Program Files/Java/jre1.8.0_241/lib/amd64;C:\Program Files (x86)\Common Files\Oracle\Java\javapath;C:\ProgramData\Oracle\Java\javapath;C:\Program Files\Microsoft MPI\Bin\;C:\Program Files (x86)\Common Files\NetSarang;C:\Program Files (x86)\Intel\iCLS Client\;C:\Program Files\Intel\iCLS Client\;C:\WINDOWS\system32;C:\WINDOWS;C:\WINDOWS\System32\Wbem;C:\WINDOWS\System32\WindowsPowerShell\v1.0\;C:\Program Files (x86)\Windows Live\Shared;C:\Program Files\Intel\Intel(R) Management Engine Components\DAL;C:\Program Files\Intel\Intel(R) Management Engine Components\IPT;C:\Program Files (x86)\Intel\Intel(R) Management Engine Components\DAL;C:\Program Files (x86)\Intel\Intel(R) Management Engine Components\IPT;C:\Program Files\Intel\WiFi\bin\;C:\Program Files\Common Files\Intel\WirelessCommon\;C:\Program Files (x86)\Microsoft SQL Server\100\Tools\Binn\;C:\Program Files\Microsoft SQL Server\100\Tools\Binn\;C:\Program Files\Microsoft SQL Server\100\DTS\Binn\;C:\Program Files (x86)\Microsoft SQL Server\100\Tools\Binn\VSShell\Common7\IDE\;C:\Program Files (x86)\Microsoft Visual Studio 9.0\Common7\IDE\PrivateAssemblies\;C:\Program Files (x86)\Microsoft SQL Server\100\DTS\Binn\;C:\Program Files (x86)\MySQL\MySQL Fabric 1.5 & MySQL Utilities 1.5\;C:\Program Files (x86)\MySQL\MySQL Fabric 1.5 & MySQL Utilities 1.5\Doctrine extensions for PHP\;C:\Program Files (x86)\NVIDIA Corporation\PhysX\Common;C:\Program Files\Common Files\Autodesk Shared\;C:\WINDOWS\System32\OpenSSH\;C:\Program Files\Git\cmd;C:\Program Files\NVIDIA Corporation\NVIDIA NvDLISR;%SystemRoot%\system32;%SystemRoot%;%SystemRoot%\System32\Wbem;%SYSTEMROOT%\System32\WindowsPowerShell\v1.0\;%SYSTEMROOT%\System32\OpenSSH\;C:\Users\Felipe\AppData\Local\Microsoft\WindowsApps;;C:\Users\Felipe\Desktop;
USERNAME=Felipe
OS=Windows_NT
PROCESSOR_IDENTIFIER=Intel64 Family 6 Model 60 Stepping 3, GenuineIntel



---------------  S Y S T E M  ---------------

OS: Windows 10.0 , 64 bit Build 18362 (10.0.18362.86)

CPU:total 8 (4 cores per cpu, 2 threads per core) family 6 model 60 stepping 3, cmov, cx8, fxsr, mmx, sse, sse2, sse3, ssse3, sse4.1, sse4.2, popcnt, avx, avx2, aes, clmul, erms, lzcnt, ht, tsc, tscinvbit, bmi1, bmi2

Memory: 4k page, physical 12500160k(3302120k free), swap 19282288k(6396192k free)

vm_info: Java HotSpot(TM) 64-Bit Server VM (25.91-b14) for windows-amd64 JRE (1.8.0_91-b14), built on Apr  1 2016 00:58:32 by "java_re" with MS VC++ 10.0 (VS2010)

time: Wed Jan 22 01:20:53 2020
elapsed time: 337 seconds (0d 0h 5m 37s)

